[    0.000000] Linux version 4.15.0-212-generic (buildd@lcy02-amd64-083) (gcc version 7.5.0 (Ubuntu 7.5.0-3ubuntu1~18.04)) #223-Ubuntu SMP Tue May 23 13:09:22 UTC 2023 (Ubuntu 4.15.0-212.223-generic 4.15.18)
[    0.000000] Command line: BOOT_IMAGE=/boot/vmlinuz-4.15.0-212-generic root=LABEL=cloudimg-rootfs ro console=tty1 console=ttyS0
[    0.000000] KERNEL supported cpus:
[    0.000000]   Intel GenuineIntel
[    0.000000]   AMD AuthenticAMD
[    0.000000]   Centaur CentaurHauls
[    0.000000] x86/fpu: x87 FPU will use FXSAVE
[    0.000000] e820: BIOS-provided physical RAM map:
[    0.000000] BIOS-e820: [mem 0x0000000000000000-0x000000000009fbff] usable
[    0.000000] BIOS-e820: [mem 0x000000000009fc00-0x000000000009ffff] reserved
[    0.000000] BIOS-e820: [mem 0x00000000000f0000-0x00000000000fffff] reserved
[    0.000000] BIOS-e820: [mem 0x0000000000100000-0x000000003ffeffff] usable
[    0.000000] BIOS-e820: [mem 0x000000003fff0000-0x000000003fffffff] ACPI data
[    0.000000] BIOS-e820: [mem 0x00000000fec00000-0x00000000fec00fff] reserved
[    0.000000] BIOS-e820: [mem 0x00000000fee00000-0x00000000fee00fff] reserved
[    0.000000] BIOS-e820: [mem 0x00000000fffc0000-0x00000000ffffffff] reserved
[    0.000000] NX (Execute Disable) protection: active
[    0.000000] SMBIOS 2.5 present.
[    0.000000] DMI: innotek GmbH VirtualBox/VirtualBox, BIOS VirtualBox 12/01/2006
[    0.000000] Hypervisor detected: KVM
[    0.000000] e820: last_pfn = 0x3fff0 max_arch_pfn = 0x400000000
[    0.000000] MTRR: Disabled
[    0.000000] x86/PAT: MTRRs disabled, skipping PAT initialization too.
[    0.000000] CPU MTRRs all blank - virtualized system.
[    0.000000] x86/PAT: Configuration [0-7]: WB  WT  UC- UC  WB  WT  UC- UC  
[    0.000000] found SMP MP-table at [mem 0x0009fff0-0x0009ffff]
[    0.000000] Scanning 1 areas for low memory corruption
[    0.000000] RAMDISK: [mem 0x359cb000-0x36cdcfff]
[    0.000000] ACPI: Early table checksum verification disabled
[    0.000000] ACPI: RSDP 0x00000000000E0000 000024 (v02 VBOX  )
[    0.000000] ACPI: XSDT 0x000000003FFF0030 00003C (v01 VBOX   VBOXXSDT 00000001 ASL  00000061)
[    0.000000] ACPI: FACP 0x000000003FFF00F0 0000F4 (v04 VBOX   VBOXFACP 00000001 ASL  00000061)
[    0.000000] ACPI: DSDT 0x000000003FFF0610 002353 (v02 VBOX   VBOXBIOS 00000002 INTL 20100528)
[    0.000000] ACPI: FACS 0x000000003FFF0200 000040
[    0.000000] ACPI: FACS 0x000000003FFF0200 000040
[    0.000000] ACPI: APIC 0x000000003FFF0240 00005C (v02 VBOX   VBOXAPIC 00000001 ASL  00000061)
[    0.000000] ACPI: SSDT 0x000000003FFF02A0 00036C (v01 VBOX   VBOXCPUT 00000002 INTL 20100528)
[    0.000000] ACPI: Reserving FACP table memory at [mem 0x3fff00f0-0x3fff01e3]
[    0.000000] ACPI: Reserving DSDT table memory at [mem 0x3fff0610-0x3fff2962]
[    0.000000] ACPI: Reserving FACS table memory at [mem 0x3fff0200-0x3fff023f]
[    0.000000] ACPI: Reserving FACS table memory at [mem 0x3fff0200-0x3fff023f]
[    0.000000] ACPI: Reserving APIC table memory at [mem 0x3fff0240-0x3fff029b]
[    0.000000] ACPI: Reserving SSDT table memory at [mem 0x3fff02a0-0x3fff060b]
[    0.000000] No NUMA configuration found
[    0.000000] Faking a node at [mem 0x0000000000000000-0x000000003ffeffff]
[    0.000000] NODE_DATA(0) allocated [mem 0x3ffc5000-0x3ffeffff]
[    0.000000] kvm-clock: cpu 0, msr 0:3ff44001, primary cpu clock
[    0.000000] kvm-clock: Using msrs 4b564d01 and 4b564d00
[    0.000000] kvm-clock: using sched offset of 10739317113 cycles
[    0.000000] clocksource: kvm-clock: mask: 0xffffffffffffffff max_cycles: 0x1cd42e4dffb, max_idle_ns: 881590591483 ns
[    0.000000] Zone ranges:
[    0.000000]   DMA      [mem 0x0000000000001000-0x0000000000ffffff]
[    0.000000]   DMA32    [mem 0x0000000001000000-0x000000003ffeffff]
[    0.000000]   Normal   empty
[    0.000000]   Device   empty
[    0.000000] Movable zone start for each node
[    0.000000] Early memory node ranges
[    0.000000]   node   0: [mem 0x0000000000001000-0x000000000009efff]
[    0.000000]   node   0: [mem 0x0000000000100000-0x000000003ffeffff]
[    0.000000] Reserved but unavailable: 104 pages
[    0.000000] Initmem setup node 0 [mem 0x0000000000001000-0x000000003ffeffff]
[    0.000000] ACPI: PM-Timer IO Port: 0x4008
[    0.000000] IOAPIC[0]: apic_id 2, version 32, address 0xfec00000, GSI 0-23
[    0.000000] ACPI: INT_SRC_OVR (bus 0 bus_irq 0 global_irq 2 dfl dfl)
[    0.000000] ACPI: INT_SRC_OVR (bus 0 bus_irq 9 global_irq 9 low level)
[    0.000000] Using ACPI (MADT) for SMP configuration information
[    0.000000] smpboot: Allowing 2 CPUs, 0 hotplug CPUs
[    0.000000] PM: Registered nosave memory: [mem 0x00000000-0x00000fff]
[    0.000000] PM: Registered nosave memory: [mem 0x0009f000-0x0009ffff]
[    0.000000] PM: Registered nosave memory: [mem 0x000a0000-0x000effff]
[    0.000000] PM: Registered nosave memory: [mem 0x000f0000-0x000fffff]
[    0.000000] e820: [mem 0x40000000-0xfebfffff] available for PCI devices
[    0.000000] Booting paravirtualized kernel on KVM
[    0.000000] clocksource: refined-jiffies: mask: 0xffffffff max_cycles: 0xffffffff, max_idle_ns: 7645519600211568 ns
[    0.000000] setup_percpu: NR_CPUS:8192 nr_cpumask_bits:2 nr_cpu_ids:2 nr_node_ids:1
[    0.000000] percpu: Embedded 50 pages/cpu s167936 r8192 d28672 u1048576
[    0.000000] PV qspinlock hash table entries: 256 (order: 0, 4096 bytes)
[    0.000000] Built 1 zonelists, mobility grouping on.  Total pages: 257913
[    0.000000] Policy zone: DMA32
[    0.000000] Kernel command line: BOOT_IMAGE=/boot/vmlinuz-4.15.0-212-generic root=LABEL=cloudimg-rootfs ro console=tty1 console=ttyS0
[    0.000000] Memory: 982644K/1048120K available (12300K kernel code, 2477K rwdata, 4324K rodata, 2480K init, 2720K bss, 65476K reserved, 0K cma-reserved)
[    0.000000] SLUB: HWalign=64, Order=0-3, MinObjects=0, CPUs=2, Nodes=1
[    0.000000] ftrace: allocating 39508 entries in 155 pages
[    0.004000] Hierarchical RCU implementation.
[    0.004000] 	RCU restricting CPUs from NR_CPUS=8192 to nr_cpu_ids=2.
[    0.004000] 	Tasks RCU enabled.
[    0.004000] RCU: Adjusting geometry for rcu_fanout_leaf=16, nr_cpu_ids=2
[    0.004000] NR_IRQS: 524544, nr_irqs: 440, preallocated irqs: 16
[    0.004000] random: crng init done
[    0.004000] Console: colour VGA+ 80x25
[    0.004000] console [tty1] enabled
[    0.004000] console [ttyS0] enabled
[    0.004000] ACPI: Core revision 20170831
[    0.004000] ACPI: 2 ACPI AML tables successfully acquired and loaded
[    0.004000] APIC: Switch to symmetric I/O mode setup
[    0.008000] ..TIMER: vector=0x30 apic1=0 pin1=2 apic2=-1 pin2=-1
[    0.008010] tsc: Detected 3110.398 MHz processor
[    0.016022] Calibrating delay loop (skipped) preset value.. 6220.79 BogoMIPS (lpj=12441592)
[    0.020014] pid_max: default: 32768 minimum: 301
[    0.024251] Security Framework initialized
[    0.028014] Yama: becoming mindful.
[    0.032590] AppArmor: AppArmor initialized
[    0.068152] Dentry cache hash table entries: 131072 (order: 8, 1048576 bytes)
[    0.081536] Inode-cache hash table entries: 65536 (order: 7, 524288 bytes)
[    0.084078] Mount-cache hash table entries: 2048 (order: 2, 16384 bytes)
[    0.088181] Mountpoint-cache hash table entries: 2048 (order: 2, 16384 bytes)
[    0.100000] Last level iTLB entries: 4KB 0, 2MB 0, 4MB 0
[    0.100007] Last level dTLB entries: 4KB 0, 2MB 0, 4MB 0, 1GB 0
[    0.104464] Spectre V1 : Mitigation: usercopy/swapgs barriers and __user pointer sanitization
[    0.108016] Spectre V2 : Mitigation: Enhanced IBRS
[    0.112007] Spectre V2 : Spectre v2 / SpectreRSB mitigation: Filling RSB on context switch
[    0.116006] Spectre V2 : Spectre v2 / PBRSB-eIBRS: Retire a single CALL on VMEXIT
[    0.120007] RETBleed: Mitigation: Enhanced IBRS
[    0.124005] Speculative Store Bypass: Vulnerable
[    0.128225] Freeing SMP alternatives memory: 36K
[    0.284184] APIC calibration not consistent with PM-Timer: 160ms instead of 100ms
[    0.288000] APIC delta adjusted to PM-Timer: 6403634 (10264074)
[    0.292000] smpboot: CPU0: 12th Gen Intel(R) Core(TM) i5-12500H (family: 0x6, model: 0x9a, stepping: 0x3)
[    0.292287] Performance Events: unsupported p6 CPU model 154 no PMU driver, software events only.
[    0.296155] Hierarchical SRCU implementation.
[    0.300353] NMI watchdog: Perf event create on CPU 0 failed with -2
[    0.304002] NMI watchdog: Perf NMI watchdog permanently disabled
[    0.308199] smp: Bringing up secondary CPUs ...
[    0.312303] x86: Booting SMP configuration:
[    0.316004] .... node  #0, CPUs:      #1
[    0.004000] kvm-clock: cpu 1, msr 0:3ff44041, secondary cpu clock
[    0.327200] TSC synchronization [CPU#0 -> CPU#1]:
[    0.328000] Measured 163228 cycles TSC warp between CPUs, turning off TSC clock.
[    0.328000] tsc: Marking TSC unstable due to check_tsc_sync_source failed
[    0.336215] smp: Brought up 1 node, 2 CPUs
[    0.340018] smpboot: Max logical packages: 1
[    0.344017] smpboot: Total of 2 processors activated (12441.59 BogoMIPS)
[    0.352381] devtmpfs: initialized
[    0.356390] x86/mm: Memory block size: 128MB
[    0.360260] evm: security.selinux
[    0.362328] evm: security.SMACK64
[    0.364003] evm: security.SMACK64EXEC
[    0.368034] evm: security.SMACK64TRANSMUTE
[    0.372003] evm: security.SMACK64MMAP
[    0.376009] evm: security.apparmor
[    0.380010] evm: security.ima
[    0.384000] evm: security.capability
[    0.388382] clocksource: jiffies: mask: 0xffffffff max_cycles: 0xffffffff, max_idle_ns: 7645041785100000 ns
[    0.392031] futex hash table entries: 512 (order: 3, 32768 bytes)
[    0.396156] pinctrl core: initialized pinctrl subsystem
[    0.404428] RTC time:  6:58:36, date: 08/10/24
[    0.428229] NET: Registered protocol family 16
[    0.432285] audit: initializing netlink subsys (disabled)
[    0.444028] cpuidle: using governor ladder
[    0.452024] cpuidle: using governor menu
[    0.452011] audit: type=2000 audit(1723273125.531:1): state=initialized audit_enabled=0 res=1
[    0.460124] ACPI: bus type PCI registered
[    0.468008] acpiphp: ACPI Hot Plug PCI Controller Driver version: 0.5
[    0.477419] PCI: Using configuration type 1 for base access
[    0.492402] HugeTLB registered 2.00 MiB page size, pre-allocated 0 pages
[    0.520754] ACPI: Added _OSI(Module Device)
[    0.524007] ACPI: Added _OSI(Processor Device)
[    0.528006] ACPI: Added _OSI(3.0 _SCP Extensions)
[    0.532013] ACPI: Added _OSI(Processor Aggregator Device)
[    0.536016] ACPI: Added _OSI(Linux-Dell-Video)
[    0.544027] ACPI: Added _OSI(Linux-Lenovo-NV-HDMI-Audio)
[    0.548010] ACPI: Added _OSI(Linux-HPI-Hybrid-Graphics)
[    0.560174] ACPI: Executed 1 blocks of module-level executable AML code
[    0.621242] ACPI: Interpreter enabled
[    0.624025] ACPI: (supports S0 S5)
[    0.628012] ACPI: Using IOAPIC for interrupt routing
[    0.644688] PCI: Using host bridge windows from ACPI; if necessary, use "pci=nocrs" and report a bug
[    0.648960] ACPI: Enabled 2 GPEs in block 00 to 07
[    0.669219] ACPI: PCI Root Bridge [PCI0] (domain 0000 [bus 00-ff])
[    0.672023] acpi PNP0A03:00: _OSC: OS supports [ASPM ClockPM Segments MSI]
[    0.676457] acpi PNP0A03:00: _OSC: not requesting OS control; OS requires [ExtendedConfig ASPM ClockPM MSI]
[    0.680057] acpi PNP0A03:00: fail to add MMCONFIG information, can't access extended PCI configuration space under this bridge.
[    0.691854] PCI host bridge to bus 0000:00
[    0.692000] pci_bus 0000:00: root bus resource [io  0x0000-0x0cf7 window]
[    0.692008] pci_bus 0000:00: root bus resource [io  0x0d00-0xffff window]
[    0.696008] pci_bus 0000:00: root bus resource [mem 0x000a0000-0x000bffff window]
[    0.700008] pci_bus 0000:00: root bus resource [mem 0x40000000-0xfdffffff window]
[    0.704013] pci_bus 0000:00: root bus resource [bus 00-ff]
[    0.756385] pci 0000:00:01.1: legacy IDE quirk: reg 0x10: [io  0x01f0-0x01f7]
[    0.760014] pci 0000:00:01.1: legacy IDE quirk: reg 0x14: [io  0x03f6]
[    0.764006] pci 0000:00:01.1: legacy IDE quirk: reg 0x18: [io  0x0170-0x0177]
[    0.768013] pci 0000:00:01.1: legacy IDE quirk: reg 0x1c: [io  0x0376]
[    1.048079] pci 0000:00:07.0: quirk: [io  0x4000-0x403f] claimed by PIIX4 ACPI
[    1.080032] pci 0000:00:07.0: quirk: [io  0x4100-0x410f] claimed by PIIX4 SMB
[    1.168092] ACPI: PCI Interrupt Link [LNKA] (IRQs 5 9 10 *11)
[    1.188869] ACPI: PCI Interrupt Link [LNKB] (IRQs 5 9 *10 11)
[    1.224077] ACPI: PCI Interrupt Link [LNKC] (IRQs 5 *9 10 11)
[    1.264692] ACPI: PCI Interrupt Link [LNKD] (IRQs 5 9 10 *11)
[    1.294941] SCSI subsystem initialized
[    1.316225] pci 0000:00:02.0: vgaarb: setting as boot VGA device
[    1.320000] pci 0000:00:02.0: vgaarb: VGA device added: decodes=io+mem,owns=io+mem,locks=none
[    1.364022] pci 0000:00:02.0: vgaarb: bridge control possible
[    1.432011] vgaarb: loaded
[    1.452146] ACPI: bus type USB registered
[    1.480129] usbcore: registered new interface driver usbfs
[    1.508025] usbcore: registered new interface driver hub
[    1.532043] usbcore: registered new device driver usb
[    1.560169] EDAC MC: Ver: 3.0.0
[    1.576378] PCI: Using ACPI for IRQ routing
[    1.588626] NetLabel: Initializing
[    1.604011] NetLabel:  domain hash size = 128
[    1.620011] NetLabel:  protocols = UNLABELED CIPSOv4 CALIPSO
[    1.668070] NetLabel:  unlabeled traffic allowed by default
[    1.736757] clocksource: Switched to clocksource kvm-clock
[    2.219743] VFS: Disk quotas dquot_6.6.0
[    2.222805] VFS: Dquot-cache hash table entries: 512 (order 0, 4096 bytes)
[    2.244135] AppArmor: AppArmor Filesystem Enabled
[    2.291047] pnp: PnP ACPI init
[    2.345757] pnp: PnP ACPI: found 3 devices
[    2.365905] clocksource: acpi_pm: mask: 0xffffff max_cycles: 0xffffff, max_idle_ns: 2085701024 ns
[    2.462004] NET: Registered protocol family 2
[    2.469273] IP idents hash table entries: 16384 (order: 5, 131072 bytes)
[    2.481140] TCP established hash table entries: 8192 (order: 4, 65536 bytes)
[    2.576074] TCP bind hash table entries: 8192 (order: 5, 131072 bytes)
[    2.585909] TCP: Hash tables configured (established 8192 bind 8192)
[    2.596234] UDP hash table entries: 512 (order: 2, 16384 bytes)
[    2.628229] UDP-Lite hash table entries: 512 (order: 2, 16384 bytes)
[    2.701918] NET: Registered protocol family 1
[    2.710877] pci 0000:00:00.0: Limiting direct PCI/PCI transfers
[    2.717556] pci 0000:00:01.0: Activating ISA DMA hang workarounds
[    2.722966] pci 0000:00:02.0: Video device with shadowed ROM at [mem 0x000c0000-0x000dffff]
[    2.796867] Unpacking initramfs...
[    6.468286] Freeing initrd memory: 19528K
[    6.605091] clocksource: tsc: mask: 0xffffffffffffffff max_cycles: 0x2cd5a646d7e, max_idle_ns: 440795273267 ns
[    6.608878] platform rtc_cmos: registered platform RTC device (no PNP device found)
[    6.717195] Scanning for low memory corruption every 60 seconds
[    6.723912] Initialise system trusted keyrings
[    6.727097] Key type blacklist registered
[    6.731380] workingset: timestamp_bits=36 max_order=18 bucket_order=0
[    6.736075] zbud: loaded
[    6.844435] squashfs: version 4.0 (2009/01/31) Phillip Lougher
[    6.957471] fuse init (API version 7.26)
[    7.131431] Key type asymmetric registered
[    7.143711] Asymmetric key parser 'x509' registered
[    7.231477] Block layer SCSI generic (bsg) driver version 0.4 loaded (major 246)
[    7.249831] io scheduler noop registered
[    7.264449] io scheduler deadline registered
[    7.347714] io scheduler cfq registered (default)
[    7.363808] ACPI: AC Adapter [AC] (off-line)
[    7.370241] input: Power Button as /devices/LNXSYSTM:00/LNXPWRBN:00/input/input0
[    7.396532] ACPI: Power Button [PWRF]
[    7.450020] input: Sleep Button as /devices/LNXSYSTM:00/LNXSLPBN:00/input/input1
[    7.529869] ACPI: Sleep Button [SLPF]
[    7.536104] Serial: 8250/16550 driver, 32 ports, IRQ sharing enabled
[    7.537558] ACPI: Battery Slot [BAT0] (battery present)
[    7.670718] 00:02: ttyS0 at I/O 0x3f8 (irq = 4, base_baud = 115200) is a 16550A
[    7.821316] Linux agpgart interface v0.103
[    7.925607] loop: module loaded
[    7.932658] scsi host0: ata_piix
[    7.936717] scsi host1: ata_piix
[    7.939557] ata1: PATA max UDMA/33 cmd 0x1f0 ctl 0x3f6 bmdma 0xd000 irq 14
[    7.944377] ata2: PATA max UDMA/33 cmd 0x170 ctl 0x376 bmdma 0xd008 irq 15
[    8.000770] tun: Universal TUN/TAP device driver, 1.6
[    8.043051] PPP generic driver version 2.4.2
[    8.057225] ehci_hcd: USB 2.0 'Enhanced' Host Controller (EHCI) Driver
[    8.100488] ehci-pci: EHCI PCI platform driver
[    8.169566] ehci-platform: EHCI generic platform driver
[    8.225084] ohci_hcd: USB 1.1 'Open' Host Controller (OHCI) Driver
[    8.280089] ohci-pci: OHCI PCI platform driver
[    8.290526] ohci-platform: OHCI generic platform driver
[    8.304482] uhci_hcd: USB Universal Host Controller Interface driver
[    8.453860] i8042: PNP: PS/2 Controller [PNP0303:PS2K,PNP0f03:PS2M] at 0x60,0x64 irq 1,12
[    8.553590] serio: i8042 KBD port at 0x60,0x64 irq 1
[    8.558921] serio: i8042 AUX port at 0x60,0x64 irq 12
[    8.577766] mousedev: PS/2 mouse device common for all mice
[    8.591292] input: AT Translated Set 2 keyboard as /devices/platform/i8042/serio0/input/input2
[    8.601118] rtc_cmos rtc_cmos: rtc core: registered rtc_cmos as rtc0
[    8.614790] rtc_cmos rtc_cmos: alarms up to one day, 114 bytes nvram
[    8.702003] i2c /dev entries driver
[    8.705868] device-mapper: uevent: version 1.0.3
[    8.729823] device-mapper: ioctl: 4.37.0-ioctl (2017-09-20) initialised: dm-devel@redhat.com
[    8.814725] ledtrig-cpu: registered to indicate activity on CPUs
[    8.838251] NET: Registered protocol family 10
[    8.952763] Segment Routing with IPv6
[    8.955609] NET: Registered protocol family 17
[    8.960527] Key type dns_resolver registered
[    9.022572] mce: Using 0 MCE banks
[    9.026363] RAS: Correctable Errors collector initialized.
[    9.056265] sched_clock: Marking stable (9056123677, 0)->(15672163896, -6616040219)
[    9.075695] registered taskstats version 1
[    9.078802] Loading compiled-in X.509 certificates
[    9.176188] Loaded X.509 cert 'Build time autogenerated kernel key: b5b26778eaa3ab3a4a6cee031137706e947d12ad'
[    9.388586] Loaded X.509 cert 'Canonical Ltd. Live Patch Signing: 14df34d1a87cf37625abec039ef2bf521249b969'
[    9.451718] Loaded X.509 cert 'Canonical Ltd. Kernel Module Signing: 88f752e560a1e0737e31163a466ad7b70a850c19'
[    9.465324] blacklist: Loading compiled-in revocation X.509 certificates
[    9.472973] Loaded X.509 cert 'Canonical Ltd. Secure Boot Signing: 61482aa2830d0ab2ad5af10b7250da9033ddcef0'
[    9.574812] Loaded X.509 cert 'Canonical Ltd. Secure Boot Signing (2017): 242ade75ac4a15e50d50c84b0d45ff3eae707a03'
[    9.590530] Loaded X.509 cert 'Canonical Ltd. Secure Boot Signing (ESM 2018): 365188c1d374d6b07c3c8f240f8ef722433d6a8b'
[    9.648050] Loaded X.509 cert 'Canonical Ltd. Secure Boot Signing (2019): c0746fd6c5da3ae827864651ad66ae47fe24b3e8'
[    9.697795] Loaded X.509 cert 'Canonical Ltd. Secure Boot Signing (2021 v1): a8d54bbb3825cfb94fa13c9f8a594a195c107b8d'
[    9.709098] Loaded X.509 cert 'Canonical Ltd. Secure Boot Signing (2021 v2): 4cf046892d6fd3c9a5b03f98d845f90851dc6a8c'
[    9.721885] Loaded X.509 cert 'Canonical Ltd. Secure Boot Signing (2021 v3): 100437bb6de6e469b581e61cd66bce3ef4ed53af'
[    9.853967] Loaded X.509 cert 'Canonical Ltd. Secure Boot Signing (Ubuntu Core 2019): c1d57b8f6b743f23ee41f4f7ee292f06eecadfb9'
[    9.962679] zswap: loaded using pool lzo/zbud
[   10.158038] Key type big_key registered
[   10.160983] Key type trusted registered
[   10.191075] Key type encrypted registered
[   10.204734] AppArmor: AppArmor sha1 policy hashing enabled
[   10.292616] ima: No TPM chip found, activating TPM-bypass! (rc=-19)
[   10.342901] ima: Allocated hash algorithm: sha1
[   10.457245] evm: HMAC attrs: 0x1
[   10.482574]   Magic number: 4:839:973
[   10.503238] rtc_cmos rtc_cmos: setting system clock to 2024-08-10 06:58:48 UTC (1723273128)
[   10.537984] BIOS EDD facility v0.16 2004-Jun-25, 0 devices found
[   10.568605] EDD information not available.
[   10.667245] Freeing unused kernel image memory: 2480K
[   10.679853] Write protecting the kernel read-only data: 20480k
[   10.693080] Freeing unused kernel image memory: 2008K
[   10.699674] Freeing unused kernel image memory: 1820K
[   10.756962] x86/mm: Checked W+X mappings: passed, no W+X pages found.
Loading, please wait...
starting version 237
[   11.746388] Fusion MPT base driver 3.04.20
[   11.750938] Copyright (c) 1999-2008 LSI Corporation
[   11.867706] e1000: Intel(R) PRO/1000 Network Driver - version 7.3.21-k8-NAPI
[   11.875087] e1000: Copyright (c) 1999-2006 Intel Corporation.
[   12.466479] SSE version of gcm_enc/dec engaged.
[   12.500552] Fusion MPT SPI Host driver 3.04.20
[   13.081578] input: ImExPS/2 Generic Explorer Mouse as /devices/platform/i8042/serio1/input/input4
[   15.854495] e1000 0000:00:03.0 eth0: (PCI:33MHz:32-bit) 02:3b:7b:b7:3b:2d
[   15.866817] e1000 0000:00:03.0 eth0: Intel(R) PRO/1000 Network Connection
[   17.379506] e1000 0000:00:08.0 eth1: (PCI:33MHz:32-bit) 08:00:27:bf:d4:ad
[   17.387990] e1000 0000:00:08.0 eth1: Intel(R) PRO/1000 Network Connection
[   17.421515] e1000 0000:00:03.0 enp0s3: renamed from eth0
[   17.424961] mptbase: ioc0: Initiating bringup
[   17.464877] e1000 0000:00:08.0 enp0s8: renamed from eth1
[   17.565385] ioc0: LSI53C1030 A0: Capabilities={Initiator}
[   17.834489] scsi host2: ioc0: LSI53C1030 A0, FwRev=00000000h, Ports=1, MaxQ=256, IRQ=20
[   18.015456] scsi 2:0:0:0: Direct-Access     VBOX     HARDDISK         1.0  PQ: 0 ANSI: 5
[   19.569193] scsi target2:0:0: Beginning Domain Validation
[   19.588598] scsi target2:0:0: Domain Validation skipping write tests
[   19.601712] scsi target2:0:0: Ending Domain Validation
[   19.611675] scsi target2:0:0: asynchronous
[   19.622876] scsi 2:0:1:0: Direct-Access     VBOX     HARDDISK         1.0  PQ: 0 ANSI: 5
[   20.622693] scsi target2:0:1: Beginning Domain Validation
[   20.632133] scsi target2:0:1: Domain Validation skipping write tests
[   20.639212] scsi target2:0:1: Ending Domain Validation
[   20.644412] scsi target2:0:1: asynchronous
[   20.659711] sd 2:0:0:0: [sda] 83886080 512-byte logical blocks: (42.9 GB/40.0 GiB)
[   20.666268] sd 2:0:0:0: [sda] Write Protect is off
[   20.673488] sd 2:0:0:0: [sda] Incomplete mode parameter data
[   20.675823] sd 2:0:0:0: Attached scsi generic sg0 type 0
[   20.680089] sd 2:0:0:0: [sda] Assuming drive cache: write through
[   20.697535] sd 2:0:1:0: Attached scsi generic sg1 type 0
[   20.701471] sd 2:0:1:0: [sdb] 20480 512-byte logical blocks: (10.5 MB/10.0 MiB)
[   20.715713] sd 2:0:1:0: [sdb] Write Protect is off
[   20.724234]  sda: sda1
[   20.724428] sd 2:0:1:0: [sdb] Incomplete mode parameter data
[   20.732886] sd 2:0:1:0: [sdb] Assuming drive cache: write through
[   20.742227] sd 2:0:0:0: [sda] Attached SCSI disk
[   20.755552] sd 2:0:1:0: [sdb] Attached SCSI disk
Begin: Loading essential drivers ... [   27.895930] raid6: sse2x1   gen()  2481 MB/s
[   27.973419] raid6: sse2x1   xor()  1016 MB/s
[   28.106975] raid6: sse2x2   gen()  7423 MB/s
[   28.237053] raid6: sse2x2   xor()  2958 MB/s
[   28.305051] raid6: sse2x4   gen()  3955 MB/s
[   28.439121] raid6: sse2x4   xor()  1566 MB/s
[   28.446885] raid6: using algorithm sse2x2 gen() 7423 MB/s
[   28.456916] raid6: .... xor() 2958 MB/s, rmw enabled
[   28.461761] raid6: using ssse3x2 recovery algorithm
[   28.586217] xor: measuring software checksum speed
[   32.929426]    prefetch64-sse: 984892.000 MB/sec
[   34.893142]    generic_sse: 463104.000 MB/sec
[   34.899297] xor: using function: prefetch64-sse (984892.000 MB/sec)
[   35.067536] async_tx: api initialized (async)
done.
Begin: Running /scripts/init-premount ... done.
Begin: Mounting root file system ... Begin: Running /scripts/local-top ... done.
Begin: Running /scripts/local-premount ... [   35.551629] Btrfs loaded, crc32c=crc32c-intel
Scanning for Btrfs filesystems
done.
Warning: fsck not present, so skipping root file system
[   36.000865] EXT4-fs (sda1): INFO: recovery required on readonly filesystem
[   36.013009] EXT4-fs (sda1): write access will be enabled during recovery
[   36.308925] EXT4-fs (sda1): recovery complete
[   36.317426] EXT4-fs (sda1): mounted filesystem with ordered data mode. Opts: (null)
done.
Begin: Running /scripts/local-bottom ... done.
Begin: Running /scripts/init-bottom ... done.
[   37.305119] ip_tables: (C) 2000-2006 Netfilter Core Team
[   37.442849] systemd[1]: systemd 237 running in system mode. (+PAM +AUDIT +SELINUX +IMA +APPARMOR +SMACK +SYSVINIT +UTMP +LIBCRYPTSETUP +GCRYPT +GNUTLS +ACL +XZ +LZ4 +SECCOMP +BLKID +ELFUTILS +KMOD -IDN2 +IDN -PCRE2 default-hierarchy=hybrid)
[   37.536262] systemd[1]: Detected virtualization oracle.
[   37.540941] systemd[1]: Detected architecture x86-64.

Welcome to [1mUbuntu 18.04.6 LTS[0m!

[   37.701664] systemd[1]: Set hostname to <ubuntu-bionic>.
[   39.402168] systemd[1]: Created slice User and Session Slice.
[[0;32m  OK  [0m] Created slice User and Session Slice.
[   39.508936] systemd[1]: Started Forward Password Requests to Wall Directory Watch.
[[0;32m  OK  [0m] Started Forward Password Requests to Wall Directory Watch.
[   39.531232] systemd[1]: Reached target Swap.
[[0;32m  OK  [0m] Reached target Swap.
[   39.538262] systemd[1]: Set up automount Arbitrary Executable File Formats File System Automount Point.
[[0;32m  OK  [0m] Set up automount Arbitrary Executab…rmats File System Automount Point.
[   39.640915] systemd[1]: Reached target User and Group Name Lookups.
[[0;32m  OK  [0m] Reached target User and Group Name Lookups.
[   39.686575] systemd[1]: Created slice System Slice.
[[0;32m  OK  [0m] Created slice System Slice.
[[0;32m  OK  [0m] Created slice system-serial\x2dgetty.slice.
[[0;32m  OK  [0m] Listening on Syslog Socket.
[[0;32m  OK  [0m] Listening on /dev/initctl Compatibility Named Pipe.
[[0;32m  OK  [0m] Listening on Journal Audit Socket.
[[0;32m  OK  [0m] Listening on Device-mapper event daemon FIFOs.
[[0;32m  OK  [0m] Listening on Journal Socket.
         Starting Load Kernel Modules...
         Starting Create list of required st…ce nodes for the current kernel...
[   39.955654] Loading iSCSI transport class v2.0-870.
         Mounting Kernel Debug File System...
         Starting Uncomplicated firewall...
         Mounting POSIX Message Queue File System...
         Mounting Huge Pages File System...
[[0;32m  OK  [0m] Listening on udev Kernel Socket.
[[0;32m  OK  [0m] Listening on udev Control Socket.
[[0;32m  OK  [0m] Reached target System Time Synchronized.
         Starting udev Coldplug all Devices...
[[0;32m  OK  [0m] Listening on fsck to fsckd communication Socket.
         Starting File System Check on Root Device...
[[0;32m  OK  [0m] Listening on LVM2 poll daemon socket.
[[0;32m  OK  [0m] Listening on LVM2 metadata daemon socket.
[[0;32m  OK  [0m] Reached target Mounting snaps.
[[0;32m  OK  [0m] Reached target Mounted snaps.
[[0;32m  OK  [0m] Reached target Slices.
         Starting Set the console keyboard layout...
[[0;32m  OK  [0m] Listening on Network Service Netlink Socket.
[[0;32m  OK  [0m] Listening on Journal Socket (/dev/log).
         Starting Monitoring of LVM2 mirrors…ng dmeventd or progress polling...
[   40.453501] iscsi: registered transport (tcp)
         Starting Journal Service...
[[0;32m  OK  [0m] Started Create list of required sta…vice nodes for the current kernel.
[[0;32m  OK  [0m] Mounted Kernel Debug File System.
[[0;32m  OK  [0m] Started Uncomplicated firewall.
[[0;32m  OK  [0m] Mounted POSIX Message Queue File System.
[[0;32m  OK  [0m] Mounted Huge Pages File System.
[[0;32m  OK  [0m] Started File System Check Daemon to report status.
         Starting Create Static Device Nodes in /dev...
[[0;32m  OK  [0m] Started udev Coldplug all Devices.
[[0;32m  OK  [0m] Started Create Static Device Nodes in /dev.
[[0;32m  OK  [0m] Started File System Check on Root Device.
         Starting Remount Root and Kernel File Systems...
[[0;32m  OK  [0m] Started Journal Service.
[[0;32m  OK  [0m] Started Set the console keyboard layout.
[[0;32m  OK  [0m] Started LVM2 metadata daemon.
[   41.663631] EXT4-fs (sda1): re-mounted. Opts: (null)
[   41.735913] iscsi: registered transport (iser)
[[0;32m  OK  [0m] Started Monitoring of LVM2 mirrors,…sing dmeventd or progress polling.
[[0;32m  OK  [0m] Started Load Kernel Modules.
[[0;32m  OK  [0m] Started Remount Root and Kernel File Systems.
         Starting udev Kernel Device Manager...
         Starting Flush Journal to Persistent Storage...
         Starting Load/Save Random Seed...
         Mounting FUSE Control File System...
         Starting Apply Kernel Variables...
         Mounting Kernel Configuration File System...
[[0;32m  OK  [0m] Reached target Local File Systems (Pre).
[[0;32m  OK  [0m] Reached target Local File Systems.
         Starting ebtables ruleset management...
         Starting Set console font and keymap...
         Starting AppArmor initialization...
         Starting Tell Plymouth To Write Out Runtime Data...
[[0;32m  OK  [0m] Mounted FUSE Control File System.
[[0;32m  OK  [0m] Mounted Kernel Configuration File System.
[[0;32m  OK  [0m] Started Load/Save Random Seed.
[   42.528151] systemd-journald[437]: Received request to flush runtime journal from PID 1
[[0;32m  OK  [0m] Started Set console font and keymap.
[[0;32m  OK  [0m] Started udev Kernel Device Manager.
[[0;32m  OK  [0m] Started Dispatch Password Requests to Console Directory Watch.
[[0;32m  OK  [0m] Reached target Local Encrypted Volumes.
[[0;32m  OK  [0m] Started Tell Plymouth To Write Out Runtime Data.
[[0;32m  OK  [0m] Started Apply Kernel Variables.
[[0;32m  OK  [0m] Started ebtables ruleset management.
[[0;32m  OK  [0m] Started Flush Journal to Persistent Storage.
         Starting Create Volatile Files and Directories...
[[0;32m  OK  [0m] Started Create Volatile Files and Directories.
         Starting Update UTMP about System Boot/Shutdown...
[[0;32m  OK  [0m] Started Update UTMP about System Boot/Shutdown.
[[0;32m  OK  [0m] Found device /dev/ttyS0.
[[0;32m  OK  [0m] Listening on Load/Save RF Kill Switch Status /dev/rfkill Watch.
[[0;32m  OK  [0m] Started AppArmor initialization.
         Starting Load AppArmor profiles managed internally by snapd...
         Starting Initial cloud-init job (pre-networking)...
         Mounting Arbitrary Executable File Formats File System...
[[0;32m  OK  [0m] Mounted Arbitrary Executable File Formats File System.
[[0;32m  OK  [0m] Started Load AppArmor profiles managed internally by snapd.
[   53.271445] cloud-init[588]: Cloud-init v. 23.1.2-0ubuntu0~18.04.1 running 'init-local' at Sat, 10 Aug 2024 06:59:30 +0000. Up 52.47 seconds.
[[0;32m  OK  [0m] Started Initial cloud-init job (pre-networking).
[[0;32m  OK  [0m] Reached target Network (Pre).
         Starting Network Service...
[[0;32m  OK  [0m] Started Network Service.
         Starting Wait for Network to be Configured...
         Starting Network Name Resolution...
[[0;32m  OK  [0m] Started Network Name Resolution.
[[0;32m  OK  [0m] Reached target Host and Network Name Lookups.
[[0;32m  OK  [0m] Reached target Network.
[[0;32m  OK  [0m] Started Wait for Network to be Configured.
         Starting Initial cloud-init job (metadata service crawler)...
[   58.376907] cloud-init[704]: Cloud-init v. 23.1.2-0ubuntu0~18.04.1 running 'init' at Sat, 10 Aug 2024 06:59:35 +0000. Up 57.73 seconds.
[   58.386267] cloud-init[704]: ci-info: ++++++++++++++++++++++++++++++++++++++Net device info+++++++++++++++++++++++++++++++++++++++
[   58.391384] cloud-init[704]: ci-info: +--------+-------+----------------------------+---------------+--------+-------------------+
[   58.398540] cloud-init[704]: ci-info: | Device |   Up  |          Address           |      Mask     | Scope  |     Hw-Address    |
[   58.402327] cloud-init[704]: ci-info: +--------+-------+----------------------------+---------------+--------+-------------------+
[   58.563472] cloud-init[704]: ci-info: | enp0s3 |  True |         10.0.2.15          | 255.255.255.0 | global | 02:3b:7b:b7:3b:2d |
[   58.572521] cloud-init[704]: ci-info: | enp0s3 |  True | fe80::3b:7bff:feb7:3b2d/64 |       .       |  link  | 02:3b:7b:b7:3b:2d |
[   58.575825] cloud-init[704]: ci-info: | enp0s8 | False |             .              |       .       |   .    | 08:00:27:bf:d4:ad |
[   58.580716] cloud-init[704]: ci-info: |   lo   |  True |         127.0.0.1          |   255.0.0.0   |  host  |         .         |
[   58.584171] cloud-init[704]: ci-info: |   lo   |  True |          ::1/128           |       .       |  host  |         .         |
[   58.588027] cloud-init[704]: ci-info: +--------+-------+----------------------------+---------------+--------+-------------------+
[   58.596340] cloud-init[704]: ci-info: ++++++++++++++++++++++++++++Route IPv4 info+++++++++++++++++++++++++++++
[   58.600963] cloud-init[704]: ci-info: +-------+-------------+----------+-----------------+-----------+-------+
[   58.603465] cloud-init[704]: ci-info: | Route | Destination | Gateway  |     Genmask     | Interface | Flags |
[   58.609872] cloud-init[704]: ci-info: +-------+-------------+----------+-----------------+-----------+-------+
[   58.617348] cloud-init[704]: ci-info: |   0   |   0.0.0.0   | 10.0.2.2 |     0.0.0.0     |   enp0s3  |   UG  |
[   58.733247] cloud-init[704]: ci-info: |   1   |   10.0.2.0  | 0.0.0.0  |  255.255.255.0  |   enp0s3  |   U   |
[   58.745595] cloud-init[704]: ci-info: |   2   |   10.0.2.2  | 0.0.0.0  | 255.255.255.255 |   enp0s3  |   UH  |
[   58.751910] cloud-init[704]: ci-info: +-------+-------------+----------+-----------------+-----------+-------+
[   58.755769] cloud-init[704]: ci-info: +++++++++++++++++++Route IPv6 info+++++++++++++++++++
[   58.757821] cloud-init[704]: ci-info: +-------+-------------+---------+-----------+-------+
[   58.766857] cloud-init[704]: ci-info: | Route | Destination | Gateway | Interface | Flags |
[   58.770786] cloud-init[704]: ci-info: +-------+-------------+---------+-----------+-------+
[   58.777042] cloud-init[704]: ci-info: |   1   |  fe80::/64  |    ::   |   enp0s3  |   U   |
[   58.782447] cloud-init[704]: ci-info: |   3   |    local    |    ::   |   enp0s3  |   U   |
[   58.786530] cloud-init[704]: ci-info: |   4   |   ff00::/8  |    ::   |   enp0s3  |   U   |
[   58.792416] cloud-init[704]: ci-info: +-------+-------------+---------+-----------+-------+
[[0;32m  OK  [0m] Started Initial cloud-init job (metadata service crawler).
[[0;32m  OK  [0m] Reached target System Initialization.
         Starting LXD - unix socket.
[[0;32m  OK  [0m] Started Discard unused blocks once a week.
[[0;32m  OK  [0m] Listening on UUID daemon activation socket.
[[0;32m  OK  [0m] Listening on D-Bus System Message Bus Socket.
[[0;32m  OK  [0m] Started Message of the Day.
[[0;32m  OK  [0m] Listening on cloud-init hotplug hook socket.
[[0;32m  OK  [0m] Started Ubuntu Advantage Timer for running repeated jobs.
[[0;32m  OK  [0m] Listening on ACPID Listen Socket.
[[0;32m  OK  [0m] Listening on Open-iSCSI iscsid Socket.
[[0;32m  OK  [0m] Started Daily Cleanup of Temporary Directories.
         Starting Socket activation for snappy daemon.
[[0;32m  OK  [0m] Started ACPI Events Check.
[[0;32m  OK  [0m] Reached target Paths.
[[0;32m  OK  [0m] Started Daily apt download activities.
[[0;32m  OK  [0m] Started Daily apt upgrade and clean activities.
[[0;32m  OK  [0m] Reached target Timers.
[[0;32m  OK  [0m] Reached target Network is Online.
         Starting Availability of block devices...
[[0;32m  OK  [0m] Reached target Remote File Systems (Pre).
[[0;32m  OK  [0m] Reached target Remote File Systems.
[[0;32m  OK  [0m] Reached target Cloud-config availability.
[[0;32m  OK  [0m] Listening on LXD - unix socket.
[[0;32m  OK  [0m] Listening on Socket activation for snappy daemon.
[[0;32m  OK  [0m] Reached target Sockets.
[[0;32m  OK  [0m] Reached target Basic System.
         Starting System Logging Service...
[[0;32m  OK  [0m] Started Deferred execution scheduler.
[[0;32m  OK  [0m] Started Regular background program processing daemon.
[[0;32m  OK  [0m] Started D-Bus System Message Bus.
         Starting LXD - container startup/shutdown...
         Starting Snap Daemon...
         Starting Permit User Sessions...
         Starting Login Service...
         Starting Dispatcher daemon for systemd-networkd...
[[0;32m  OK  [0m] Reached target Login Prompts (Pre).
         Starting LSB: Record successful boot for GRUB...
         Starting Accounts Service...
[[0;32m  OK  [0m] Started FUSE filesystem for LXC.
         Starting Virtualbox guest utils...
         Starting LSB: automatic crash report generation...
[[0;32m  OK  [0m] Started irqbalance daemon.
         Starting OpenBSD Secure Shell server...
[[0;32m  OK  [0m] Started System Logging Service.
[[0;32m  OK  [0m] Started Availability of block devices.
[[0;32m  OK  [0m] Started Permit User Sessions.
         Starting Authorization Manager...
         Starting Hold until boot process finishes up...
         Starting Terminate Plymouth Boot Screen...
[[0;32m  OK  [0m] Started Hold until boot process finishes up.
         Starting Set console scheme...
[[0;32m  OK  [0m] Started Serial Getty on ttyS0.
[[0;32m  OK  [0m] Started Terminate Plymouth Boot Screen.
[[0;32m  OK  [0m] Started Login Service.
[[0;32m  OK  [0m] Started Unattended Upgrades Shutdown.
[[0;32m  OK  [0m] Started Set console scheme.
[[0;32m  OK  [0m] Created slice system-getty.slice.
[[0;32m  OK  [0m] Started Getty on tty1.
[[0;32m  OK  [0m] Reached target Login Prompts.
[[0;32m  OK  [0m] Started Authorization Manager.
[[0;32m  OK  [0m] Started Accounts Service.
[[0;32m  OK  [0m] Started LSB: automatic crash report generation.
[[0;32m  OK  [0m] Started LSB: Record successful boot for GRUB.
[[0;32m  OK  [0m] Started OpenBSD Secure Shell server.
[[0;32m  OK  [0m] Started Virtualbox guest utils.
[[0;32m  OK  [0m] Started Dispatcher daemon for systemd-networkd.
[[0;32m  OK  [0m] Started LXD - container startup/shutdown.
[[0;32m  OK  [0m] Created slice User Slice of vagrant.
         Starting User Manager for UID 1000...
[[0;32m  OK  [0m] Started Session 1 of user vagrant.
[[0;32m  OK  [0m] Started User Manager for UID 1000.
[[0;32m  OK  [0m] Started Snap Daemon.
         Starting Wait until snapd is fully seeded...
         Starting Time & Date Service...
[[0;32m  OK  [0m] Started Time & Date Service.

Ubuntu 18.04.6 LTS ubuntu-bionic ttyS0

ubuntu-bionic login: [   69.827483] cloud-init[1104]: Cloud-init v. 23.1.2-0ubuntu0~18.04.1 running 'modules:config' at Sat, 10 Aug 2024 06:59:47 +0000. Up 69.17 seconds.
[   72.831547] cloud-init[1215]: Cloud-init v. 23.1.2-0ubuntu0~18.04.1 running 'modules:final' at Sat, 10 Aug 2024 06:59:50 +0000. Up 72.31 seconds.
[   72.844458] cloud-init[1215]: Cloud-init v. 23.1.2-0ubuntu0~18.04.1 finished at Sat, 10 Aug 2024 06:59:50 +0000. Datasource DataSourceNoCloud [seed=/dev/sdb][dsmode=net].  Up 72.81 seconds
